This is pdfTeX, Version 3.14159265-2.6-1.40.18 (TeX Live 2017) (preloaded format=pdflatex 2017.8.15)  28 DEC 2018 11:49
entering extended mode
 restricted \write18 enabled.
 %&-line parsing enabled.
**Thesis_Gerstmayr_V1.tex
(./Thesis_Gerstmayr_V1.tex
LaTeX2e <2017-04-15>
Babel <3.10> and hyphenation patterns for 84 language(s) loaded.
(/usr/local/texlive/2017/texmf-dist/tex/latex/nag/nag.sty
Package: nag 2011/11/25 0.7 warning about old commands (ulmi)
\c@nag@c=\count79
\c@nag@sins=\count80
Package nag Info: Loaded nag-l2tabu.cfg  on input line 552.

(/usr/local/texlive/2017/texmf-dist/tex/latex/nag/nag-l2tabu.cfg
File: nag-l2tabu.cfg 2010/05/17 v2.11 l2tabu rules for nag.sty (ulmi)
)
Package nag Info: Loaded nag-orthodox.cfg  on input line 552.

(/usr/local/texlive/2017/texmf-dist/tex/latex/nag/nag-orthodox.cfg
File: nag-orthodox.cfg 2006/04/19 v1.8 strict rules for nag.sty (ulmi)
))
(/usr/local/texlive/2017/texmf-dist/tex/latex/base/report.cls
Document Class: report 2014/09/29 v1.4h Standard LaTeX document class
(/usr/local/texlive/2017/texmf-dist/tex/latex/base/size12.clo
File: size12.clo 2014/09/29 v1.4h Standard LaTeX file (size option)
)
\c@part=\count81
\c@chapter=\count82
\c@section=\count83
\c@subsection=\count84
\c@subsubsection=\count85
\c@paragraph=\count86
\c@subparagraph=\count87
\c@figure=\count88
\c@table=\count89
\abovecaptionskip=\skip41
\belowcaptionskip=\skip42
\bibindent=\dimen102
)
(/usr/local/texlive/2017/texmf-dist/tex/latex/amsmath/amsmath.sty
Package: amsmath 2016/11/05 v2.16a AMS math features
\@mathmargin=\skip43

For additional information on amsmath, use the `?' option.
(/usr/local/texlive/2017/texmf-dist/tex/latex/amsmath/amstext.sty
Package: amstext 2000/06/29 v2.01 AMS text

(/usr/local/texlive/2017/texmf-dist/tex/latex/amsmath/amsgen.sty
File: amsgen.sty 1999/11/30 v2.0 generic functions
\@emptytoks=\toks14
\ex@=\dimen103
))
(/usr/local/texlive/2017/texmf-dist/tex/latex/amsmath/amsbsy.sty
Package: amsbsy 1999/11/29 v1.2d Bold Symbols
\pmbraise@=\dimen104
)
(/usr/local/texlive/2017/texmf-dist/tex/latex/amsmath/amsopn.sty
Package: amsopn 2016/03/08 v2.02 operator names
)
\inf@bad=\count90
LaTeX Info: Redefining \frac on input line 213.
\uproot@=\count91
\leftroot@=\count92
LaTeX Info: Redefining \overline on input line 375.
\classnum@=\count93
\DOTSCASE@=\count94
LaTeX Info: Redefining \ldots on input line 472.
LaTeX Info: Redefining \dots on input line 475.
LaTeX Info: Redefining \cdots on input line 596.
\Mathstrutbox@=\box26
\strutbox@=\box27
\big@size=\dimen105
LaTeX Font Info:    Redeclaring font encoding OML on input line 712.
LaTeX Font Info:    Redeclaring font encoding OMS on input line 713.
\macc@depth=\count95
\c@MaxMatrixCols=\count96
\dotsspace@=\muskip10
\c@parentequation=\count97
\dspbrk@lvl=\count98
\tag@help=\toks15
\row@=\count99
\column@=\count100
\maxfields@=\count101
\andhelp@=\toks16
\eqnshift@=\dimen106
\alignsep@=\dimen107
\tagshift@=\dimen108
\tagwidth@=\dimen109
\totwidth@=\dimen110
\lineht@=\dimen111
\@envbody=\toks17
\multlinegap=\skip44
\multlinetaggap=\skip45
\mathdisplay@stack=\toks18
LaTeX Info: Redefining \[ on input line 2817.
LaTeX Info: Redefining \] on input line 2818.
)
(/usr/local/texlive/2017/texmf-dist/tex/latex/geometry/geometry.sty
Package: geometry 2010/09/12 v5.6 Page Geometry

(/usr/local/texlive/2017/texmf-dist/tex/latex/graphics/keyval.sty
Package: keyval 2014/10/28 v1.15 key=value parser (DPC)
\KV@toks@=\toks19
)
(/usr/local/texlive/2017/texmf-dist/tex/generic/oberdiek/ifpdf.sty
Package: ifpdf 2017/03/15 v3.2 Provides the ifpdf switch
)
(/usr/local/texlive/2017/texmf-dist/tex/generic/oberdiek/ifvtex.sty
Package: ifvtex 2016/05/16 v1.6 Detect VTeX and its facilities (HO)
Package ifvtex Info: VTeX not detected.
)
(/usr/local/texlive/2017/texmf-dist/tex/generic/ifxetex/ifxetex.sty
Package: ifxetex 2010/09/12 v0.6 Provides ifxetex conditional
)
\Gm@cnth=\count102
\Gm@cntv=\count103
\c@Gm@tempcnt=\count104
\Gm@bindingoffset=\dimen112
\Gm@wd@mp=\dimen113
\Gm@odd@mp=\dimen114
\Gm@even@mp=\dimen115
\Gm@layoutwidth=\dimen116
\Gm@layoutheight=\dimen117
\Gm@layouthoffset=\dimen118
\Gm@layoutvoffset=\dimen119
\Gm@dimlist=\toks20
)
(/usr/local/texlive/2017/texmf-dist/tex/latex/graphics/graphicx.sty
Package: graphicx 2014/10/28 v1.0g Enhanced LaTeX Graphics (DPC,SPQR)

(/usr/local/texlive/2017/texmf-dist/tex/latex/graphics/graphics.sty
Package: graphics 2017/04/14 v1.1b Standard LaTeX Graphics (DPC,SPQR)

(/usr/local/texlive/2017/texmf-dist/tex/latex/graphics/trig.sty
Package: trig 2016/01/03 v1.10 sin cos tan (DPC)
)
(/usr/local/texlive/2017/texmf-dist/tex/latex/graphics-cfg/graphics.cfg
File: graphics.cfg 2016/06/04 v1.11 sample graphics configuration
)
Package graphics Info: Driver file: pdftex.def on input line 99.

(/usr/local/texlive/2017/texmf-dist/tex/latex/graphics-def/pdftex.def
File: pdftex.def 2017/01/12 v0.06k Graphics/color for pdfTeX

(/usr/local/texlive/2017/texmf-dist/tex/generic/oberdiek/infwarerr.sty
Package: infwarerr 2016/05/16 v1.4 Providing info/warning/error messages (HO)
)
(/usr/local/texlive/2017/texmf-dist/tex/generic/oberdiek/ltxcmds.sty
Package: ltxcmds 2016/05/16 v1.23 LaTeX kernel commands for general use (HO)
)
\Gread@gobject=\count105
))
\Gin@req@height=\dimen120
\Gin@req@width=\dimen121
)
(/usr/local/texlive/2017/texmf-dist/tex/latex/setspace/setspace.sty
Package: setspace 2011/12/19 v6.7a set line spacing
)
(/usr/local/texlive/2017/texmf-dist/tex/latex/microtype/microtype.sty
Package: microtype 2016/05/14 v2.6a Micro-typographical refinements (RS)
\MT@toks=\toks21
\MT@count=\count106
LaTeX Info: Redefining \textls on input line 774.
\MT@outer@kern=\dimen122
LaTeX Info: Redefining \textmicrotypecontext on input line 1310.
\MT@listname@count=\count107

(/usr/local/texlive/2017/texmf-dist/tex/latex/microtype/microtype-pdftex.def
File: microtype-pdftex.def 2016/05/14 v2.6a Definitions specific to pdftex (RS)

LaTeX Info: Redefining \lsstyle on input line 916.
LaTeX Info: Redefining \lslig on input line 916.
\MT@outer@space=\skip46
)
Package microtype Info: Loading configuration file microtype.cfg.

(/usr/local/texlive/2017/texmf-dist/tex/latex/microtype/microtype.cfg
File: microtype.cfg 2016/05/14 v2.6a microtype main configuration file (RS)
))
(/usr/local/texlive/2017/texmf-dist/tex/latex/siunitx/siunitx.sty
(/usr/local/texlive/2017/texmf-dist/tex/latex/l3kernel/expl3.sty
Package: expl3 2017/05/13 L3 programming layer (loader) 

(/usr/local/texlive/2017/texmf-dist/tex/latex/l3kernel/expl3-code.tex
Package: expl3 2017/05/13 L3 programming layer (code)
\c_max_int=\count108
\l_tmpa_int=\count109
\l_tmpb_int=\count110
\g_tmpa_int=\count111
\g_tmpb_int=\count112
\g__prg_map_int=\count113
\c_log_iow=\count114
\l_iow_line_count_int=\count115
\l__iow_line_target_int=\count116
\l__iow_one_indent_int=\count117
\l__iow_indent_int=\count118
\c_zero_dim=\dimen123
\c_max_dim=\dimen124
\l_tmpa_dim=\dimen125
\l_tmpb_dim=\dimen126
\g_tmpa_dim=\dimen127
\g_tmpb_dim=\dimen128
\c_zero_skip=\skip47
\c_max_skip=\skip48
\l_tmpa_skip=\skip49
\l_tmpb_skip=\skip50
\g_tmpa_skip=\skip51
\g_tmpb_skip=\skip52
\c_zero_muskip=\muskip11
\c_max_muskip=\muskip12
\l_tmpa_muskip=\muskip13
\l_tmpb_muskip=\muskip14
\g_tmpa_muskip=\muskip15
\g_tmpb_muskip=\muskip16
\l_keys_choice_int=\count119
\c__fp_leading_shift_int=\count120
\c__fp_middle_shift_int=\count121
\c__fp_trailing_shift_int=\count122
\c__fp_big_leading_shift_int=\count123
\c__fp_big_middle_shift_int=\count124
\c__fp_big_trailing_shift_int=\count125
\c__fp_Bigg_leading_shift_int=\count126
\c__fp_Bigg_middle_shift_int=\count127
\c__fp_Bigg_trailing_shift_int=\count128
\c__fp_rand_size_int=\count129
\c__fp_rand_four_int=\count130
\c__fp_rand_eight_int=\count131
\l__sort_length_int=\count132
\l__sort_min_int=\count133
\l__sort_top_int=\count134
\l__sort_max_int=\count135
\l__sort_true_max_int=\count136
\l__sort_block_int=\count137
\l__sort_begin_int=\count138
\l__sort_end_int=\count139
\l__sort_A_int=\count140
\l__sort_B_int=\count141
\l__sort_C_int=\count142
\c_empty_box=\box28
\l_tmpa_box=\box29
\l_tmpb_box=\box30
\g_tmpa_box=\box31
\g_tmpb_box=\box32
\l__box_top_dim=\dimen129
\l__box_bottom_dim=\dimen130
\l__box_left_dim=\dimen131
\l__box_right_dim=\dimen132
\l__box_top_new_dim=\dimen133
\l__box_bottom_new_dim=\dimen134
\l__box_left_new_dim=\dimen135
\l__box_right_new_dim=\dimen136
\l__box_internal_box=\box33
\l__coffin_internal_box=\box34
\l__coffin_internal_dim=\dimen137
\l__coffin_offset_x_dim=\dimen138
\l__coffin_offset_y_dim=\dimen139
\l__coffin_x_dim=\dimen140
\l__coffin_y_dim=\dimen141
\l__coffin_x_prime_dim=\dimen142
\l__coffin_y_prime_dim=\dimen143
\c_empty_coffin=\box35
\l__coffin_aligned_coffin=\box36
\l__coffin_aligned_internal_coffin=\box37
\l_tmpa_coffin=\box38
\l_tmpb_coffin=\box39
\l__coffin_display_coffin=\box40
\l__coffin_display_coord_coffin=\box41
\l__coffin_display_pole_coffin=\box42
\l__coffin_display_offset_dim=\dimen144
\l__coffin_display_x_dim=\dimen145
\l__coffin_display_y_dim=\dimen146
\l__coffin_bounding_shift_dim=\dimen147
\l__coffin_left_corner_dim=\dimen148
\l__coffin_right_corner_dim=\dimen149
\l__coffin_bottom_corner_dim=\dimen150
\l__coffin_top_corner_dim=\dimen151
\l__coffin_scaled_total_height_dim=\dimen152
\l__coffin_scaled_width_dim=\dimen153
)
(/usr/local/texlive/2017/texmf-dist/tex/latex/l3kernel/l3pdfmode.def
File: l3pdfmode.def 2017/03/18 v L3 Experimental driver: PDF mode
\l__driver_color_stack_int=\count143
\l__driver_tmp_box=\box43
))
(/usr/local/texlive/2017/texmf-dist/tex/latex/l3packages/xparse/xparse.sty
Package: xparse 2017/05/13 L3 Experimental document command parser
\l__xparse_current_arg_int=\count144
\g__xparse_grabber_int=\count145
\l__xparse_m_args_int=\count146
\l__xparse_mandatory_args_int=\count147
\l__xparse_v_nesting_int=\count148
)
Package: siunitx 2017/05/19 v2.7g A comprehensive (SI) units package

(/usr/local/texlive/2017/texmf-dist/tex/latex/tools/array.sty
Package: array 2016/10/06 v2.4d Tabular extension package (FMi)
\col@sep=\dimen154
\extrarowheight=\dimen155
\NC@list=\toks22
\extratabsurround=\skip53
\backup@length=\skip54
)
(/usr/local/texlive/2017/texmf-dist/tex/latex/l3packages/l3keys2e/l3keys2e.sty
Package: l3keys2e 2017/05/13 LaTeX2e option processing using LaTeX3 keys
)
\l__siunitx_tmp_box=\box44
\l__siunitx_tmp_dim=\dimen156
\l__siunitx_tmp_int=\count149
\l__siunitx_number_mantissa_length_int=\count150
\l__siunitx_number_uncert_length_int=\count151
\l__siunitx_round_int=\count152
\l__siunitx_process_decimal_int=\count153
\l__siunitx_process_uncertainty_int=\count154
\l__siunitx_process_fixed_int=\count155
\l__siunitx_process_integer_min_int=\count156
\l__siunitx_process_precision_int=\count157
\l__siunitx_group_min_int=\count158
\l__siunitx_angle_marker_box=\box45
\l__siunitx_angle_unit_box=\box46
\l__siunitx_angle_marker_dim=\dimen157
\l__siunitx_angle_unit_dim=\dimen158
\l__siunitx_unit_int=\count159
\l__siunitx_unit_denominator_int=\count160
\l__siunitx_unit_numerator_int=\count161
\l__siunitx_unit_prefix_int=\count162
\l__siunitx_unit_prefix_base_int=\count163
\l__siunitx_unit_prefix_gram_int=\count164
\l__siunitx_number_product_int=\count165
\c__siunitx_one_fill_skip=\skip55
\l__siunitx_table_unit_align_skip=\skip56
\l__siunitx_table_exponent_dim=\dimen159
\l__siunitx_table_integer_dim=\dimen160
\l__siunitx_table_mantissa_dim=\dimen161
\l__siunitx_table_marker_dim=\dimen162
\l__siunitx_table_result_dim=\dimen163
\l__siunitx_table_uncert_dim=\dimen164
\l__siunitx_table_fill_pre_dim=\dimen165
\l__siunitx_table_fill_post_dim=\dimen166
\l__siunitx_table_fill_mid_dim=\dimen167
\l__siunitx_table_pre_box=\box47
\l__siunitx_table_post_box=\box48
\l__siunitx_table_mantissa_box=\box49
\l__siunitx_table_result_box=\box50
\l__siunitx_table_number_align_skip=\skip57
\l__siunitx_table_text_align_skip=\skip58
.................................................
. LaTeX info: "xparse/define-command"
. 
. Defining command \DeclareBinaryPrefix with sig. 'mmm' on line 7251.
.................................................
.................................................
. LaTeX info: "xparse/define-command"
. 
. Defining command \DeclareSIPostPower with sig. 'mm' on line 7254.
.................................................
.................................................
. LaTeX info: "xparse/define-command"
. 
. Defining command \DeclareSIPrefix with sig. 'mmm' on line 7257.
.................................................
.................................................
. LaTeX info: "xparse/define-command"
. 
. Defining command \DeclareSIPrePower with sig. 'mm' on line 7260.
.................................................
.................................................
. LaTeX info: "xparse/define-command"
. 
. Defining command \DeclareSIQualifier with sig. 'mm' on line 7263.
.................................................
.................................................
. LaTeX info: "xparse/define-command"
. 
. Defining command \DeclareSIUnit with sig. 'O{}mm' on line 7266.
.................................................
.................................................
. LaTeX info: "xparse/define-command"
. 
. Defining command \DeclareSIUnitWithOptions with sig. 'mmm' on line 7269.
.................................................
.................................................
. LaTeX info: "xparse/define-command"
. 
. Defining command \ang with sig. 'o>{\SplitArgument {2}{;}}m' on line 7284.
.................................................
.................................................
. LaTeX info: "xparse/define-command"
. 
. Defining command \num with sig. 'om' on line 7293.
.................................................
.................................................
. LaTeX info: "xparse/define-command"
. 
. Defining command \numlist with sig. 'o>{\SplitList {;}}m' on line 7302.
.................................................
.................................................
. LaTeX info: "xparse/define-command"
. 
. Defining command \numrange with sig. 'omm' on line 7311.
.................................................
.................................................
. LaTeX info: "xparse/define-command"
. 
. Defining command \SIlist with sig. 'o>{\SplitList {;}}mm' on line 7323.
.................................................
.................................................
. LaTeX info: "xparse/define-command"
. 
. Defining command \SIrange with sig. 'ommm' on line 7335.
.................................................
.................................................
. LaTeX info: "xparse/define-command"
. 
. Defining command \SI with sig. 'omom' on line 7347.
.................................................
.................................................
. LaTeX info: "xparse/define-command"
. 
. Defining command \sisetup with sig. 'm' on line 7350.
.................................................
.................................................
. LaTeX info: "xparse/define-command"
. 
. Defining command \tablenum with sig. 'om' on line 7365.
.................................................
.................................................
. LaTeX info: "xparse/define-command"
. 
. Defining command \si with sig. 'om' on line 7377.
.................................................
.................................................
. LaTeX info: "xparse/define-command"
. 
. Defining command \numInBookmark with sig. 'om' on line 7424.
.................................................
.................................................
. LaTeX info: "xparse/define-command"
. 
. Defining command \numrangeInBookmark with sig. 'omm' on line 7426.
.................................................
.................................................
. LaTeX info: "xparse/define-command"
. 
. Defining command \SIInBookmark with sig. 'omom' on line 7428.
.................................................
.................................................
. LaTeX info: "xparse/define-command"
. 
. Defining command \SIlistInBookmark with sig. 'omm' on line 7430.
.................................................
.................................................
. LaTeX info: "xparse/define-command"
. 
. Defining command \SIrangeInBookmark with sig. 'ommm' on line 7432.
.................................................
.................................................
. LaTeX info: "xparse/define-command"
. 
. Defining command \siInBookmark with sig. 'om' on line 7433.
.................................................
\g__file_internal_ior=\read1
(/usr/local/texlive/2017/texmf-dist/tex/latex/beamer/translator/translator.sty
Package: translator 2010/06/12 ver 1.10

(/usr/local/texlive/2017/texmf-dist/tex/latex/beamer/translator/translator-lang
uage-mappings.tex)))
(/usr/local/texlive/2017/texmf-dist/tex/latex/lastpage/lastpage.sty
Package: lastpage 2015/03/29 v1.2m Refers to last page's name (HMM; JPG)
)
(/usr/local/texlive/2017/texmf-dist/tex/latex/caption/subcaption.sty
Package: subcaption 2016/05/22 v1.1-161 Sub-captions (AR)

(/usr/local/texlive/2017/texmf-dist/tex/latex/caption/caption.sty
Package: caption 2016/02/21 v3.3-144 Customizing captions (AR)

(/usr/local/texlive/2017/texmf-dist/tex/latex/caption/caption3.sty
Package: caption3 2016/05/22 v1.7-166 caption3 kernel (AR)
Package caption3 Info: TeX engine: e-TeX on input line 67.
\captionmargin=\dimen168
\captionmargin@=\dimen169
\captionwidth=\dimen170
\caption@tempdima=\dimen171
\caption@indent=\dimen172
\caption@parindent=\dimen173
\caption@hangindent=\dimen174
)
\c@ContinuedFloat=\count166
)
\c@subfigure=\count167
\c@subtable=\count168
)
(/usr/local/texlive/2017/texmf-dist/tex/latex/epigraph/epigraph.sty
Package: epigraph 2009/09/02 v1.5c typesetting epigraphs
\beforeepigraphskip=\skip59
\afterepigraphskip=\skip60
\epigraphwidth=\skip61
\epigraphrule=\skip62
)
(/usr/local/texlive/2017/texmf-dist/tex/latex/bibunits/bibunits.sty
Package: bibunits 2004/05/12 v2.4 Multiple bibliographies in one document.
\@bibunitaux=\write3
\@bibunitauxcnt=\count169
)
(/usr/local/texlive/2017/texmf-dist/tex/latex/todonotes/todonotes.sty
Package: todonotes 2015/07/09 .dtx Todonotes source and documentation.
Package: todonotes 2012/07/25

(/usr/local/texlive/2017/texmf-dist/tex/latex/base/ifthen.sty
Package: ifthen 2014/09/29 v1.1c Standard LaTeX ifthen package (DPC)
)
(/usr/local/texlive/2017/texmf-dist/tex/latex/xkeyval/xkeyval.sty
Package: xkeyval 2014/12/03 v2.7a package option processing (HA)

(/usr/local/texlive/2017/texmf-dist/tex/generic/xkeyval/xkeyval.tex
(/usr/local/texlive/2017/texmf-dist/tex/generic/xkeyval/xkvutils.tex
\XKV@toks=\toks23
\XKV@tempa@toks=\toks24
)
\XKV@depth=\count170
File: xkeyval.tex 2014/12/03 v2.7a key=value parser (HA)
))
(/usr/local/texlive/2017/texmf-dist/tex/latex/xcolor/xcolor.sty
Package: xcolor 2016/05/11 v2.12 LaTeX color extensions (UK)

(/usr/local/texlive/2017/texmf-dist/tex/latex/graphics-cfg/color.cfg
File: color.cfg 2016/01/02 v1.6 sample color configuration
)
Package xcolor Info: Driver file: pdftex.def on input line 225.
Package xcolor Info: Model `cmy' substituted by `cmy0' on input line 1348.
Package xcolor Info: Model `hsb' substituted by `rgb' on input line 1352.
Package xcolor Info: Model `RGB' extended on input line 1364.
Package xcolor Info: Model `HTML' substituted by `rgb' on input line 1366.
Package xcolor Info: Model `Hsb' substituted by `hsb' on input line 1367.
Package xcolor Info: Model `tHsb' substituted by `hsb' on input line 1368.
Package xcolor Info: Model `HSB' substituted by `hsb' on input line 1369.
Package xcolor Info: Model `Gray' substituted by `gray' on input line 1370.
Package xcolor Info: Model `wave' substituted by `hsb' on input line 1371.
)
(/usr/local/texlive/2017/texmf-dist/tex/latex/pgf/frontendlayer/tikz.sty
(/usr/local/texlive/2017/texmf-dist/tex/latex/pgf/basiclayer/pgf.sty
(/usr/local/texlive/2017/texmf-dist/tex/latex/pgf/utilities/pgfrcs.sty
(/usr/local/texlive/2017/texmf-dist/tex/generic/pgf/utilities/pgfutil-common.te
x
\pgfutil@everybye=\toks25
\pgfutil@tempdima=\dimen175
\pgfutil@tempdimb=\dimen176

(/usr/local/texlive/2017/texmf-dist/tex/generic/pgf/utilities/pgfutil-common-li
sts.tex))
(/usr/local/texlive/2017/texmf-dist/tex/generic/pgf/utilities/pgfutil-latex.def
\pgfutil@abb=\box51
(/usr/local/texlive/2017/texmf-dist/tex/latex/ms/everyshi.sty
Package: everyshi 2001/05/15 v3.00 EveryShipout Package (MS)
))
(/usr/local/texlive/2017/texmf-dist/tex/generic/pgf/utilities/pgfrcs.code.tex
Package: pgfrcs 2015/08/07 v3.0.1a (rcs-revision 1.31)
))
Package: pgf 2015/08/07 v3.0.1a (rcs-revision 1.15)
(/usr/local/texlive/2017/texmf-dist/tex/latex/pgf/basiclayer/pgfcore.sty
(/usr/local/texlive/2017/texmf-dist/tex/latex/pgf/systemlayer/pgfsys.sty
(/usr/local/texlive/2017/texmf-dist/tex/generic/pgf/systemlayer/pgfsys.code.tex
Package: pgfsys 2014/07/09 v3.0.1a (rcs-revision 1.48)
(/usr/local/texlive/2017/texmf-dist/tex/generic/pgf/utilities/pgfkeys.code.tex
\pgfkeys@pathtoks=\toks26
\pgfkeys@temptoks=\toks27

(/usr/local/texlive/2017/texmf-dist/tex/generic/pgf/utilities/pgfkeysfiltered.c
ode.tex
\pgfkeys@tmptoks=\toks28
))
\pgf@x=\dimen177
\pgf@y=\dimen178
\pgf@xa=\dimen179
\pgf@ya=\dimen180
\pgf@xb=\dimen181
\pgf@yb=\dimen182
\pgf@xc=\dimen183
\pgf@yc=\dimen184
\w@pgf@writea=\write4
\r@pgf@reada=\read2
\c@pgf@counta=\count171
\c@pgf@countb=\count172
\c@pgf@countc=\count173
\c@pgf@countd=\count174
\t@pgf@toka=\toks29
\t@pgf@tokb=\toks30
\t@pgf@tokc=\toks31

(/usr/local/texlive/2017/texmf-dist/tex/generic/pgf/systemlayer/pgf.cfg
File: pgf.cfg 2008/05/14  (rcs-revision 1.7)
)
Driver file for pgf: pgfsys-pdftex.def

(/usr/local/texlive/2017/texmf-dist/tex/generic/pgf/systemlayer/pgfsys-pdftex.d
ef
File: pgfsys-pdftex.def 2014/10/11  (rcs-revision 1.35)

(/usr/local/texlive/2017/texmf-dist/tex/generic/pgf/systemlayer/pgfsys-common-p
df.def
File: pgfsys-common-pdf.def 2013/10/10  (rcs-revision 1.13)
)))
(/usr/local/texlive/2017/texmf-dist/tex/generic/pgf/systemlayer/pgfsyssoftpath.
code.tex
File: pgfsyssoftpath.code.tex 2013/09/09  (rcs-revision 1.9)
\pgfsyssoftpath@smallbuffer@items=\count175
\pgfsyssoftpath@bigbuffer@items=\count176
)
(/usr/local/texlive/2017/texmf-dist/tex/generic/pgf/systemlayer/pgfsysprotocol.
code.tex
File: pgfsysprotocol.code.tex 2006/10/16  (rcs-revision 1.4)
))
(/usr/local/texlive/2017/texmf-dist/tex/generic/pgf/basiclayer/pgfcore.code.tex
Package: pgfcore 2010/04/11 v3.0.1a (rcs-revision 1.7)
(/usr/local/texlive/2017/texmf-dist/tex/generic/pgf/math/pgfmath.code.tex
(/usr/local/texlive/2017/texmf-dist/tex/generic/pgf/math/pgfmathcalc.code.tex
(/usr/local/texlive/2017/texmf-dist/tex/generic/pgf/math/pgfmathutil.code.tex)
(/usr/local/texlive/2017/texmf-dist/tex/generic/pgf/math/pgfmathparser.code.tex
\pgfmath@dimen=\dimen185
\pgfmath@count=\count177
\pgfmath@box=\box52
\pgfmath@toks=\toks32
\pgfmath@stack@operand=\toks33
\pgfmath@stack@operation=\toks34
)
(/usr/local/texlive/2017/texmf-dist/tex/generic/pgf/math/pgfmathfunctions.code.
tex
(/usr/local/texlive/2017/texmf-dist/tex/generic/pgf/math/pgfmathfunctions.basic
.code.tex)
(/usr/local/texlive/2017/texmf-dist/tex/generic/pgf/math/pgfmathfunctions.trigo
nometric.code.tex)
(/usr/local/texlive/2017/texmf-dist/tex/generic/pgf/math/pgfmathfunctions.rando
m.code.tex)
(/usr/local/texlive/2017/texmf-dist/tex/generic/pgf/math/pgfmathfunctions.compa
rison.code.tex)
(/usr/local/texlive/2017/texmf-dist/tex/generic/pgf/math/pgfmathfunctions.base.
code.tex)
(/usr/local/texlive/2017/texmf-dist/tex/generic/pgf/math/pgfmathfunctions.round
.code.tex)
(/usr/local/texlive/2017/texmf-dist/tex/generic/pgf/math/pgfmathfunctions.misc.
code.tex)
(/usr/local/texlive/2017/texmf-dist/tex/generic/pgf/math/pgfmathfunctions.integ
erarithmetics.code.tex)))
(/usr/local/texlive/2017/texmf-dist/tex/generic/pgf/math/pgfmathfloat.code.tex
\c@pgfmathroundto@lastzeros=\count178
))
(/usr/local/texlive/2017/texmf-dist/tex/generic/pgf/basiclayer/pgfcorepoints.co
de.tex
File: pgfcorepoints.code.tex 2013/10/07  (rcs-revision 1.27)
\pgf@picminx=\dimen186
\pgf@picmaxx=\dimen187
\pgf@picminy=\dimen188
\pgf@picmaxy=\dimen189
\pgf@pathminx=\dimen190
\pgf@pathmaxx=\dimen191
\pgf@pathminy=\dimen192
\pgf@pathmaxy=\dimen193
\pgf@xx=\dimen194
\pgf@xy=\dimen195
\pgf@yx=\dimen196
\pgf@yy=\dimen197
\pgf@zx=\dimen198
\pgf@zy=\dimen199
)
(/usr/local/texlive/2017/texmf-dist/tex/generic/pgf/basiclayer/pgfcorepathconst
ruct.code.tex
File: pgfcorepathconstruct.code.tex 2013/10/07  (rcs-revision 1.29)
\pgf@path@lastx=\dimen256
\pgf@path@lasty=\dimen257
)
(/usr/local/texlive/2017/texmf-dist/tex/generic/pgf/basiclayer/pgfcorepathusage
.code.tex
File: pgfcorepathusage.code.tex 2014/11/02  (rcs-revision 1.24)
\pgf@shorten@end@additional=\dimen258
\pgf@shorten@start@additional=\dimen259
)
(/usr/local/texlive/2017/texmf-dist/tex/generic/pgf/basiclayer/pgfcorescopes.co
de.tex
File: pgfcorescopes.code.tex 2015/05/08  (rcs-revision 1.46)
\pgfpic=\box53
\pgf@hbox=\box54
\pgf@layerbox@main=\box55
\pgf@picture@serial@count=\count179
)
(/usr/local/texlive/2017/texmf-dist/tex/generic/pgf/basiclayer/pgfcoregraphicst
ate.code.tex
File: pgfcoregraphicstate.code.tex 2014/11/02  (rcs-revision 1.12)
\pgflinewidth=\dimen260
)
(/usr/local/texlive/2017/texmf-dist/tex/generic/pgf/basiclayer/pgfcoretransform
ations.code.tex
File: pgfcoretransformations.code.tex 2015/08/07  (rcs-revision 1.20)
\pgf@pt@x=\dimen261
\pgf@pt@y=\dimen262
\pgf@pt@temp=\dimen263
)
(/usr/local/texlive/2017/texmf-dist/tex/generic/pgf/basiclayer/pgfcorequick.cod
e.tex
File: pgfcorequick.code.tex 2008/10/09  (rcs-revision 1.3)
)
(/usr/local/texlive/2017/texmf-dist/tex/generic/pgf/basiclayer/pgfcoreobjects.c
ode.tex
File: pgfcoreobjects.code.tex 2006/10/11  (rcs-revision 1.2)
)
(/usr/local/texlive/2017/texmf-dist/tex/generic/pgf/basiclayer/pgfcorepathproce
ssing.code.tex
File: pgfcorepathprocessing.code.tex 2013/09/09  (rcs-revision 1.9)
)
(/usr/local/texlive/2017/texmf-dist/tex/generic/pgf/basiclayer/pgfcorearrows.co
de.tex
File: pgfcorearrows.code.tex 2015/05/14  (rcs-revision 1.43)
\pgfarrowsep=\dimen264
)
(/usr/local/texlive/2017/texmf-dist/tex/generic/pgf/basiclayer/pgfcoreshade.cod
e.tex
File: pgfcoreshade.code.tex 2013/07/15  (rcs-revision 1.15)
\pgf@max=\dimen265
\pgf@sys@shading@range@num=\count180
)
(/usr/local/texlive/2017/texmf-dist/tex/generic/pgf/basiclayer/pgfcoreimage.cod
e.tex
File: pgfcoreimage.code.tex 2013/07/15  (rcs-revision 1.18)

(/usr/local/texlive/2017/texmf-dist/tex/generic/pgf/basiclayer/pgfcoreexternal.
code.tex
File: pgfcoreexternal.code.tex 2014/07/09  (rcs-revision 1.21)
\pgfexternal@startupbox=\box56
))
(/usr/local/texlive/2017/texmf-dist/tex/generic/pgf/basiclayer/pgfcorelayers.co
de.tex
File: pgfcorelayers.code.tex 2013/07/18  (rcs-revision 1.7)
)
(/usr/local/texlive/2017/texmf-dist/tex/generic/pgf/basiclayer/pgfcoretranspare
ncy.code.tex
File: pgfcoretransparency.code.tex 2013/09/30  (rcs-revision 1.5)
)
(/usr/local/texlive/2017/texmf-dist/tex/generic/pgf/basiclayer/pgfcorepatterns.
code.tex
File: pgfcorepatterns.code.tex 2013/11/07  (rcs-revision 1.5)
)))
(/usr/local/texlive/2017/texmf-dist/tex/generic/pgf/modules/pgfmoduleshapes.cod
e.tex
File: pgfmoduleshapes.code.tex 2014/03/21  (rcs-revision 1.35)
\pgfnodeparttextbox=\box57
)
(/usr/local/texlive/2017/texmf-dist/tex/generic/pgf/modules/pgfmoduleplot.code.
tex
File: pgfmoduleplot.code.tex 2015/08/03  (rcs-revision 1.13)
)
(/usr/local/texlive/2017/texmf-dist/tex/latex/pgf/compatibility/pgfcomp-version
-0-65.sty
Package: pgfcomp-version-0-65 2007/07/03 v3.0.1a (rcs-revision 1.7)
\pgf@nodesepstart=\dimen266
\pgf@nodesepend=\dimen267
)
(/usr/local/texlive/2017/texmf-dist/tex/latex/pgf/compatibility/pgfcomp-version
-1-18.sty
Package: pgfcomp-version-1-18 2007/07/23 v3.0.1a (rcs-revision 1.1)
))
(/usr/local/texlive/2017/texmf-dist/tex/latex/pgf/utilities/pgffor.sty
(/usr/local/texlive/2017/texmf-dist/tex/latex/pgf/utilities/pgfkeys.sty
(/usr/local/texlive/2017/texmf-dist/tex/generic/pgf/utilities/pgfkeys.code.tex)
) (/usr/local/texlive/2017/texmf-dist/tex/latex/pgf/math/pgfmath.sty
(/usr/local/texlive/2017/texmf-dist/tex/generic/pgf/math/pgfmath.code.tex))
(/usr/local/texlive/2017/texmf-dist/tex/generic/pgf/utilities/pgffor.code.tex
Package: pgffor 2013/12/13 v3.0.1a (rcs-revision 1.25)

(/usr/local/texlive/2017/texmf-dist/tex/generic/pgf/math/pgfmath.code.tex)
\pgffor@iter=\dimen268
\pgffor@skip=\dimen269
\pgffor@stack=\toks35
\pgffor@toks=\toks36
))
(/usr/local/texlive/2017/texmf-dist/tex/generic/pgf/frontendlayer/tikz/tikz.cod
e.tex
Package: tikz 2015/08/07 v3.0.1a (rcs-revision 1.151)

(/usr/local/texlive/2017/texmf-dist/tex/generic/pgf/libraries/pgflibraryplothan
dlers.code.tex
File: pgflibraryplothandlers.code.tex 2013/08/31 v3.0.1a (rcs-revision 1.20)
\pgf@plot@mark@count=\count181
\pgfplotmarksize=\dimen270
)
\tikz@lastx=\dimen271
\tikz@lasty=\dimen272
\tikz@lastxsaved=\dimen273
\tikz@lastysaved=\dimen274
\tikzleveldistance=\dimen275
\tikzsiblingdistance=\dimen276
\tikz@figbox=\box58
\tikz@figbox@bg=\box59
\tikz@tempbox=\box60
\tikz@tempbox@bg=\box61
\tikztreelevel=\count182
\tikznumberofchildren=\count183
\tikznumberofcurrentchild=\count184
\tikz@fig@count=\count185

(/usr/local/texlive/2017/texmf-dist/tex/generic/pgf/modules/pgfmodulematrix.cod
e.tex
File: pgfmodulematrix.code.tex 2013/09/17  (rcs-revision 1.8)
\pgfmatrixcurrentrow=\count186
\pgfmatrixcurrentcolumn=\count187
\pgf@matrix@numberofcolumns=\count188
)
\tikz@expandcount=\count189

(/usr/local/texlive/2017/texmf-dist/tex/generic/pgf/frontendlayer/tikz/librarie
s/tikzlibrarytopaths.code.tex
File: tikzlibrarytopaths.code.tex 2008/06/17 v3.0.1a (rcs-revision 1.2)
)))
(/usr/local/texlive/2017/texmf-dist/tex/generic/pgf/frontendlayer/tikz/librarie
s/tikzlibrarypositioning.code.tex
File: tikzlibrarypositioning.code.tex 2008/10/06 v3.0.1a (rcs-revision 1.7)
)
(/usr/local/texlive/2017/texmf-dist/tex/latex/tools/calc.sty
Package: calc 2014/10/28 v4.3 Infix arithmetic (KKT,FJ)
\calc@Acount=\count190
\calc@Bcount=\count191
\calc@Adimen=\dimen277
\calc@Bdimen=\dimen278
\calc@Askip=\skip63
\calc@Bskip=\skip64
LaTeX Info: Redefining \setlength on input line 80.
LaTeX Info: Redefining \addtolength on input line 81.
\calc@Ccount=\count192
\calc@Cskip=\skip65
)
\c@@todonotes@numberoftodonotes=\count193
)
(/usr/local/texlive/2017/texmf-dist/tex/latex/cite/cite.sty
LaTeX Info: Redefining \cite on input line 302.
LaTeX Info: Redefining \nocite on input line 332.
Package: cite 2015/02/27  v 5.5
)
(/usr/local/texlive/2017/texmf-dist/tex/latex/tocbibind/tocbibind.sty
Package: tocbibind 2010/10/13 v1.5k extra ToC listings
Package tocbibind Info: The document has chapter divisions on input line 50.


Package tocbibind Note: Using chapter style headings, unless overridden.

)
(/usr/local/texlive/2017/texmf-dist/tex/latex/koma-script/scrlayer-scrpage.sty
Package: scrlayer-scrpage 2017/04/13 v3.23 KOMA-Script package (end user interf
ace for scrlayer)

(/usr/local/texlive/2017/texmf-dist/tex/latex/koma-script/scrlayer.sty
Package: scrlayer 2017/04/13 v3.23 KOMA-Script package (defining layers and pag
e styles)

(/usr/local/texlive/2017/texmf-dist/tex/latex/koma-script/scrkbase.sty
Package: scrkbase 2017/04/13 v3.23 KOMA-Script package (KOMA-Script-dependent b
asics and keyval usage)

(/usr/local/texlive/2017/texmf-dist/tex/latex/koma-script/scrbase.sty
Package: scrbase 2017/04/13 v3.23 KOMA-Script package (KOMA-Script-independent 
basics and keyval usage)

(/usr/local/texlive/2017/texmf-dist/tex/latex/koma-script/scrlfile.sty
Package: scrlfile 2017/04/13 v3.23 KOMA-Script package (loading files)

Package scrlfile, 2017/04/13 v3.23 KOMA-Script package (loading files)
                  Copyright (C) Markus Kohm

)))
\footheight=\skip66
Package scrlayer Info: patching LaTeX kernel macro \pagestyle on input line 198
7.
))
Package scrlayer-scrpage Info: auto-selection of `pagestyleset=standard'.

1: section
1: chapter
1: chapter
1: section
(/usr/local/texlive/2017/texmf-dist/tex/latex/feynmf/feynmp.sty
Package: feynmp 1996/12/02 v1.08 LaTeX/MetaPost Feynman Diagram Package (ohl)
\@outfmf=\write5
\fmfbuf@=\toks37
\c@fmfgraph=\count194
)
(/usr/local/texlive/2017/texmf-dist/tex/latex/hyperref/hyperref.sty
Package: hyperref 2017/03/14 v6.85a Hypertext links for LaTeX

(/usr/local/texlive/2017/texmf-dist/tex/generic/oberdiek/hobsub-hyperref.sty
Package: hobsub-hyperref 2016/05/16 v1.14 Bundle oberdiek, subset hyperref (HO)


(/usr/local/texlive/2017/texmf-dist/tex/generic/oberdiek/hobsub-generic.sty
Package: hobsub-generic 2016/05/16 v1.14 Bundle oberdiek, subset generic (HO)
Package: hobsub 2016/05/16 v1.14 Construct package bundles (HO)
Package hobsub Info: Skipping package `infwarerr' (already loaded).
Package hobsub Info: Skipping package `ltxcmds' (already loaded).
Package: ifluatex 2016/05/16 v1.4 Provides the ifluatex switch (HO)
Package ifluatex Info: LuaTeX not detected.
Package hobsub Info: Skipping package `ifvtex' (already loaded).
Package: intcalc 2016/05/16 v1.2 Expandable calculations with integers (HO)
Package hobsub Info: Skipping package `ifpdf' (already loaded).
Package: etexcmds 2016/05/16 v1.6 Avoid name clashes with e-TeX commands (HO)
Package etexcmds Info: Could not find \expanded.
(etexcmds)             That can mean that you are not using pdfTeX 1.50 or
(etexcmds)             that some package has redefined \expanded.
(etexcmds)             In the latter case, load this package earlier.
Package: kvsetkeys 2016/05/16 v1.17 Key value parser (HO)
Package: kvdefinekeys 2016/05/16 v1.4 Define keys (HO)
Package: pdftexcmds 2017/03/19 v0.25 Utility functions of pdfTeX for LuaTeX (HO
)
Package pdftexcmds Info: LuaTeX not detected.
Package pdftexcmds Info: \pdf@primitive is available.
Package pdftexcmds Info: \pdf@ifprimitive is available.
Package pdftexcmds Info: \pdfdraftmode found.
Package: pdfescape 2016/05/16 v1.14 Implements pdfTeX's escape features (HO)
Package: bigintcalc 2016/05/16 v1.4 Expandable calculations on big integers (HO
)
Package: bitset 2016/05/16 v1.2 Handle bit-vector datatype (HO)
Package: uniquecounter 2016/05/16 v1.3 Provide unlimited unique counter (HO)
)
Package hobsub Info: Skipping package `hobsub' (already loaded).
Package: letltxmacro 2016/05/16 v1.5 Let assignment for LaTeX macros (HO)
Package: hopatch 2016/05/16 v1.3 Wrapper for package hooks (HO)
Package: xcolor-patch 2016/05/16 xcolor patch
Package: atveryend 2016/05/16 v1.9 Hooks at the very end of document (HO)
Package atveryend Info: \enddocument detected (standard20110627).
Package: atbegshi 2016/06/09 v1.18 At begin shipout hook (HO)
Package: refcount 2016/05/16 v3.5 Data extraction from label references (HO)
Package: hycolor 2016/05/16 v1.8 Color options for hyperref/bookmark (HO)
)
(/usr/local/texlive/2017/texmf-dist/tex/latex/oberdiek/auxhook.sty
Package: auxhook 2016/05/16 v1.4 Hooks for auxiliary files (HO)
)
(/usr/local/texlive/2017/texmf-dist/tex/latex/oberdiek/kvoptions.sty
Package: kvoptions 2016/05/16 v3.12 Key value format for package options (HO)
)
\@linkdim=\dimen279
\Hy@linkcounter=\count195
\Hy@pagecounter=\count196

(/usr/local/texlive/2017/texmf-dist/tex/latex/hyperref/pd1enc.def
File: pd1enc.def 2017/03/14 v6.85a Hyperref: PDFDocEncoding definition (HO)
)
\Hy@SavedSpaceFactor=\count197

(/usr/local/texlive/2017/texmf-dist/tex/latex/latexconfig/hyperref.cfg
File: hyperref.cfg 2002/06/06 v1.2 hyperref configuration of TeXLive
)
Package hyperref Info: Option `colorlinks' set `true' on input line 4374.
Package hyperref Info: Hyper figures OFF on input line 4498.
Package hyperref Info: Link nesting OFF on input line 4503.
Package hyperref Info: Hyper index ON on input line 4506.
Package hyperref Info: Plain pages OFF on input line 4513.
Package hyperref Info: Backreferencing ON on input line 4516.
Package hyperref Info: Implicit mode ON; LaTeX internals redefined.
Package hyperref Info: Bookmarks ON on input line 4751.

(/usr/local/texlive/2017/texmf-dist/tex/latex/hyperref/backref.sty
Package: backref 2016/05/21 v1.39 Bibliographical back referencing

(/usr/local/texlive/2017/texmf-dist/tex/latex/oberdiek/rerunfilecheck.sty
Package: rerunfilecheck 2016/05/16 v1.8 Rerun checks for auxiliary files (HO)
Package uniquecounter Info: New unique counter `rerunfilecheck' on input line 2
82.
))
\c@Hy@tempcnt=\count198

(/usr/local/texlive/2017/texmf-dist/tex/latex/url/url.sty
\Urlmuskip=\muskip17
Package: url 2013/09/16  ver 3.4  Verb mode for urls, etc.
)
LaTeX Info: Redefining \url on input line 5104.
\XeTeXLinkMargin=\dimen280
\Fld@menulength=\count199
\Field@Width=\dimen281
\Fld@charsize=\dimen282
Package hyperref Info: Hyper figures OFF on input line 6358.
Package hyperref Info: Link nesting OFF on input line 6363.
Package hyperref Info: Hyper index ON on input line 6366.
Package hyperref Info: backreferencing ON on input line 6371.
Package hyperref Info: Link coloring ON on input line 6376.
Package hyperref Info: Link coloring with OCG OFF on input line 6383.
Package hyperref Info: PDF/A mode OFF on input line 6388.
LaTeX Info: Redefining \ref on input line 6428.
LaTeX Info: Redefining \pageref on input line 6432.
\Hy@abspage=\count266
\c@Item=\count267
\c@Hfootnote=\count268
)

Package hyperref Message: Driver (autodetected): hpdftex.

(/usr/local/texlive/2017/texmf-dist/tex/latex/hyperref/hpdftex.def
File: hpdftex.def 2017/03/14 v6.85a Hyperref driver for pdfTeX
\Fld@listcount=\count269
\c@bookmark@seq@number=\count270
\Hy@SectionHShift=\skip67
)
(/usr/local/texlive/2017/texmf-dist/tex/latex/cleveref/cleveref.sty
Package: cleveref 2013/12/28 v0.19 Intelligent cross-referencing
Package cleveref Info: `hyperref' support loaded on input line 2230.
LaTeX Info: Redefining \cref on input line 2230.
LaTeX Info: Redefining \Cref on input line 2230.
LaTeX Info: Redefining \crefrange on input line 2230.
LaTeX Info: Redefining \Crefrange on input line 2230.
LaTeX Info: Redefining \cpageref on input line 2230.
LaTeX Info: Redefining \Cpageref on input line 2230.
LaTeX Info: Redefining \cpagerefrange on input line 2230.
LaTeX Info: Redefining \Cpagerefrange on input line 2230.
LaTeX Info: Redefining \labelcref on input line 2230.
LaTeX Info: Redefining \labelcpageref on input line 2230.
)
(./Thesis_Gerstmayr_V1.aux (./Ch2_Theory/Theoretical_Background.aux)
(./Ch3_Methods/Experimental_Methods.aux) (./Ch5_Results1/RR2015.aux)
(./Ch6_Results2/RR2018.aux) (./Ch7_Results3/BW2018.aux) (./bu.aux))
\openout1 = `Thesis_Gerstmayr_V1.aux'.

LaTeX Font Info:    Checking defaults for OML/cmm/m/it on input line 72.
LaTeX Font Info:    ... okay on input line 72.
LaTeX Font Info:    Checking defaults for T1/cmr/m/n on input line 72.
LaTeX Font Info:    ... okay on input line 72.
LaTeX Font Info:    Checking defaults for OT1/cmr/m/n on input line 72.
LaTeX Font Info:    ... okay on input line 72.
LaTeX Font Info:    Checking defaults for OMS/cmsy/m/n on input line 72.
LaTeX Font Info:    ... okay on input line 72.
LaTeX Font Info:    Checking defaults for OMX/cmex/m/n on input line 72.
LaTeX Font Info:    ... okay on input line 72.
LaTeX Font Info:    Checking defaults for U/cmr/m/n on input line 72.
LaTeX Font Info:    ... okay on input line 72.
LaTeX Font Info:    Checking defaults for PD1/pdf/m/n on input line 72.
LaTeX Font Info:    ... okay on input line 72.
Package nag Info: pgf.sty is broken: disabling dollar check on input line 72.
Package nag Info: Command \frontmatter not defined, skipping amendment on input
 line 72.
Package nag Info: Command \mainmatter not defined, skipping amendment on input 
line 72.
Package nag Info: Command \backmatter not defined, skipping amendment on input 
line 72.
Package nag Info: Command \RaggedLeft not defined, skipping amendment on input 
line 72.
Package nag Info: Command \RaggedRight not defined, skipping amendment on input
 line 72.

*geometry* driver: auto-detecting
*geometry* detected driver: pdftex
*geometry* verbose mode - [ preamble ] result:
* driver: pdftex
* paper: a4paper
* layout: <same size as paper>
* layoutoffset:(h,v)=(0.0pt,0.0pt)
* modes: includehead includefoot 
* h-part:(L,W,R)=(89.62709pt, 418.25368pt, 89.6271pt)
* v-part:(T,H,B)=(65.44142pt, 714.164pt, 65.44142pt)
* \paperwidth=597.50787pt
* \paperheight=845.04684pt
* \textwidth=418.25368pt
* \textheight=647.164pt
* \oddsidemargin=17.3571pt
* \evensidemargin=17.3571pt
* \topmargin=-6.82857pt
* \headheight=19.794pt
* \headsep=25.0pt
* \topskip=12.0pt
* \footskip=30.0pt
* \marginparwidth=44.0pt
* \marginparsep=10.0pt
* \columnsep=10.0pt
* \skip\footins=10.8pt plus 4.0pt minus 2.0pt
* \hoffset=0.0pt
* \voffset=0.0pt
* \mag=1000
* \@twocolumnfalse
* \@twosidefalse
* \@mparswitchfalse
* \@reversemarginfalse
* (1in=72.27pt=25.4mm, 1cm=28.453pt)

(/usr/local/texlive/2017/texmf-dist/tex/context/base/mkii/supp-pdf.mkii
[Loading MPS to PDF converter (version 2006.09.02).]
\scratchcounter=\count271
\scratchdimen=\dimen283
\scratchbox=\box62
\nofMPsegments=\count272
\nofMParguments=\count273
\everyMPshowfont=\toks38
\MPscratchCnt=\count274
\MPscratchDim=\dimen284
\MPnumerator=\count275
\makeMPintoPDFobject=\count276
\everyMPtoPDFconversion=\toks39
) (/usr/local/texlive/2017/texmf-dist/tex/latex/oberdiek/epstopdf-base.sty
Package: epstopdf-base 2016/05/15 v2.6 Base part for package epstopdf

(/usr/local/texlive/2017/texmf-dist/tex/latex/oberdiek/grfext.sty
Package: grfext 2016/05/16 v1.2 Manage graphics extensions (HO)
)
Package epstopdf-base Info: Redefining graphics rule for `.eps' on input line 4
38.
Package grfext Info: Graphics extension search list:
(grfext)             [.png,.pdf,.jpg,.mps,.jpeg,.jbig2,.jb2,.PNG,.PDF,.JPG,.JPE
G,.JBIG2,.JB2,.eps]
(grfext)             \AppendGraphicsExtensions on input line 456.

(/usr/local/texlive/2017/texmf-dist/tex/latex/latexconfig/epstopdf-sys.cfg
File: epstopdf-sys.cfg 2010/07/13 v1.3 Configuration of (r)epstopdf for TeX Liv
e
))
LaTeX Info: Redefining \microtypecontext on input line 72.
Package microtype Info: Generating PDF output.
Package microtype Info: Character protrusion enabled (level 2).
Package microtype Info: Using default protrusion set `alltext'.
Package microtype Info: Automatic font expansion enabled (level 2),
(microtype)             stretch: 20, shrink: 20, step: 1, non-selected.
Package microtype Info: Using default expansion set `basictext'.
Package microtype Info: No adjustment of tracking.
Package microtype Info: No adjustment of interword spacing.
Package microtype Info: No adjustment of character kerning.

(/usr/local/texlive/2017/texmf-dist/tex/latex/microtype/mt-cmr.cfg
File: mt-cmr.cfg 2013/05/19 v2.2 microtype config. file: Computer Modern Roman 
(RS)
)
(/usr/local/texlive/2017/texmf-dist/tex/latex/beamer/translator/dicts/translato
r-basic-dictionary/translator-basic-dictionary-English.dict
Dictionary: translator-basic-dictionary, Language: English 
)
(/usr/local/texlive/2017/texmf-dist/tex/latex/siunitx/siunitx-abbreviations.cfg
File: siunitx-abbreviations.cfg 2017/05/19 v2.7g siunitx: Abbreviated units
)
Package lastpage Info: Please have a look at the pageslts package at
(lastpage)             https://www.ctan.org/pkg/pageslts
(lastpage)             ! on input line 72.
Package caption Info: Begin \AtBeginDocument code.
Package caption Info: hyperref package is loaded.
Package caption Info: End \AtBeginDocument code.
 ABD: EveryShipout initializing macros
Package scrlayer Info: Setting magic \footheight to \baselineskip while
(scrlayer)             \begin{document} on input line 72.
\AtBeginShipoutBox=\box63
Package hyperref Info: Link coloring ON on input line 72.

(/usr/local/texlive/2017/texmf-dist/tex/latex/hyperref/nameref.sty
Package: nameref 2016/05/21 v2.44 Cross-referencing by name of section

(/usr/local/texlive/2017/texmf-dist/tex/generic/oberdiek/gettitlestring.sty
Package: gettitlestring 2016/05/16 v1.5 Cleanup title references (HO)
)
\c@section@level=\count277
)
LaTeX Info: Redefining \ref on input line 72.
LaTeX Info: Redefining \pageref on input line 72.
LaTeX Info: Redefining \nameref on input line 72.

(./Thesis_Gerstmayr_V1.out) (./Thesis_Gerstmayr_V1.out)
\@outlinefile=\write6
\openout6 = `Thesis_Gerstmayr_V1.out'.

Package nag Info: Command \captionabove not defined, skipping amendment on inpu
t line 72.
Package nag Info: Command \captionbelow not defined, skipping amendment on inpu
t line 72.
Package nag Info: Command \hc@caption not defined, skipping amendment on input 
line 72.
Package nag Info: Command \topcaption not defined, skipping amendment on input 
line 72.
\c__siunitx_mathsf_int=\count278
Package microtype Info: Loading generic settings for font family
(microtype)             `cmss' (encoding: OT1).
(microtype)             For optimal results, create family-specific settings.
(microtype)             See the microtype manual for details.
\c__siunitx_mathtt_int=\count279
Package microtype Info: Loading generic settings for font family
(microtype)             `cmtt' (encoding: OT1).
(microtype)             For optimal results, create family-specific settings.
(microtype)             See the microtype manual for details.

<pics/Imperial_2_Pantones.jpg, id=368, 564.60938pt x 148.30406pt>
File: pics/Imperial_2_Pantones.jpg Graphic file (type jpg)

<use pics/Imperial_2_Pantones.jpg>
Package pdftex.def Info: pics/Imperial_2_Pantones.jpg used on input line 81.
(pdftex.def)             Requested size: 250.95476pt x 65.917pt.


Package nag Warning: figure with no \caption on input line 82.

[1

{/usr/local/texlive/2017/texmf-var/fonts/map/pdftex/updmap/pdftex.map} <./pics/
Imperial_2_Pantones.jpg>] [2

] [3] [4] [5

] [6

] [7] (./Thesis_Gerstmayr_V1.toc
[8

] [9])
\tf@toc=\write7
\openout7 = `Thesis_Gerstmayr_V1.toc'.

 [10]
\openout2 = `Ch2_Theory/Theoretical_Background.aux'.

 (./Ch2_Theory/Theoretical_Background.tex
Chapter 1.
[11


]
Package hyperref Info: bookmark level for unknown todo defaults to 0 on input l
ine 60.
 [12] [13]
<pics/Ch2_Theory/Bfield_analytic.png, id=550, 574.145pt x 567.11874pt>
File: pics/Ch2_Theory/Bfield_analytic.png Graphic file (type png)

<use pics/Ch2_Theory/Bfield_analytic.png>
Package pdftex.def Info: pics/Ch2_Theory/Bfield_analytic.png used on input line
 100.
(pdftex.def)             Requested size: 209.12683pt x 206.56827pt.
 [14 <./pics/Ch2_Theory/Bfield_analytic.png>] [15] [16] [17]
<pics/Ch2_Theory/figeight_lab.pdf, id=607, 581.77347pt x 361.35pt>
File: pics/Ch2_Theory/figeight_lab.pdf Graphic file (type pdf)

<use pics/Ch2_Theory/figeight_lab.pdf>
Package pdftex.def Info: pics/Ch2_Theory/figeight_lab.pdf used on input line 24
7.
(pdftex.def)             Requested size: 204.9466pt x 127.29594pt.

<pics/Ch2_Theory/figeight_drift.pdf, id=608, 581.77347pt x 361.35pt>
File: pics/Ch2_Theory/figeight_drift.pdf Graphic file (type pdf)

<use pics/Ch2_Theory/figeight_drift.pdf>
Package pdftex.def Info: pics/Ch2_Theory/figeight_drift.pdf used on input line 
248.
(pdftex.def)             Requested size: 204.9466pt x 127.29594pt.
 [18 <./pics/Ch2_Theory/figeight_lab.pdf> <./pics/Ch2_Theory/figeight_drift.pdf


pdfTeX warning: /Library/TeX/texbin/pdflatex (file ./pics/Ch2_Theory/figeight_d
rift.pdf): PDF inclusion: multiple pdfs with page group included in a single pa
ge
>] [19] <pics/Ch2_Theory/ICS_Jason.png, id=693, 523.2348pt x 318.9516pt>
File: pics/Ch2_Theory/ICS_Jason.png Graphic file (type png)

<use pics/Ch2_Theory/ICS_Jason.png>
Package pdftex.def Info: pics/Ch2_Theory/ICS_Jason.png used on input line 335.
(pdftex.def)             Requested size: 334.60422pt x 203.97258pt.
 [20] [21 <./pics/Ch2_Theory/ICS_Jason.png>] [22] [23] [24] [25]
Overfull \hbox (2.24414pt too wide) in paragraph at lines 505--505
[]\OT1/cmr/bx/n/14.4 Self-consistent clas-si-cal de-scrip-tion: Landau-Lifschit
z 
 []

[26] [27] [28]
<pics/quantumness_contour_grey.png, id=785, 2007.5pt x 1003.75pt>
File: pics/quantumness_contour_grey.png Graphic file (type png)

<use pics/quantumness_contour_grey.png>
Package pdftex.def Info: pics/quantumness_contour_grey.png used on input line 5
97.
(pdftex.def)             Requested size: 334.60422pt x 167.29636pt.
 [29 <./pics/quantumness_contour_grey.png (PNG copy)>] [30] [31] [32]
<pics/Ch2_Theory/critical_density.pdf, id=827, 581.77347pt x 361.35pt>
File: pics/Ch2_Theory/critical_density.pdf Graphic file (type pdf)

<use pics/Ch2_Theory/critical_density.pdf>
Package pdftex.def Info: pics/Ch2_Theory/critical_density.pdf used on input lin
e 710.
(pdftex.def)             Requested size: 334.60422pt x 207.83528pt.
 [33] [34 <./pics/Ch2_Theory/critical_density.pdf>] [35] [36] [37]
<pics/Ch2_Theory/wakefield_plot.png, id=963, 1320.935pt x 569.12625pt>
File: pics/Ch2_Theory/wakefield_plot.png Graphic file (type png)

<use pics/Ch2_Theory/wakefield_plot.png>
Package pdftex.def Info: pics/Ch2_Theory/wakefield_plot.png used on input line 
897.
(pdftex.def)             Requested size: 376.42575pt x 162.18529pt.
 [38] [39 <./pics/Ch2_Theory/wakefield_plot.png>]) [40]
\openout2 = `Ch3_Methods/Experimental_Methods.aux'.

 (./Ch3_Methods/Experimental_Methods.tex
Chapter 2.
[41



] [42]
<pics/Ch3_Methods/Chirped_pulse_amplification.png, id=1020, 2035.605pt x 1249.6
6875pt>
File: pics/Ch3_Methods/Chirped_pulse_amplification.png Graphic file (type png)
 <use pics/Ch3_Methods/Chirped_pulse_amplification.png>
Package pdftex.def Info: pics/Ch3_Methods/Chirped_pulse_amplification.png used 
on input line 40.
(pdftex.def)             Requested size: 334.60422pt x 205.40465pt.

Underfull \hbox (badness 2856) in paragraph at lines 45--45
[][][]\OT1/cmr/m/n/10 (+20) Graphic taken from Wikipedia: [][]$\OT1/cmtt/m/n/10
 https : / / en . wikipedia . org / wiki / Chirped _ pulse _
 []

[43] [44 <./pics/Ch3_Methods/Chirped_pulse_amplification.png>] [45] [46]

LaTeX Warning: Citation `Spence2001' on page 47 undefined on input line 146.

[47]

LaTeX Warning: Citation `Semushin2001a' on page 48 undefined on input line 166.


[48]
<pics/Ch5_Results1/conical_nozzle_prettypic.jpg, id=1086, 764.8575pt x 584.1825
pt>
File: pics/Ch5_Results1/conical_nozzle_prettypic.jpg Graphic file (type jpg)
 <use pics/Ch5_Results1/conical_nozzle_prettypic.jpg>
Package pdftex.def Info: pics/Ch5_Results1/conical_nozzle_prettypic.jpg used on
 input line 184.
(pdftex.def)             Requested size: 334.60422pt x 255.56139pt.
 [49] [50 <./pics/Ch5_Results1/conical_nozzle_prettypic.jpg>]
<pics/Ch3_Methods/Shadowgraphy_example_cut.jpg, id=1108, 523.9575pt x 269.005pt
>
File: pics/Ch3_Methods/Shadowgraphy_example_cut.jpg Graphic file (type jpg)
 <use pics/Ch3_Methods/Shadowgraphy_example_cut.jpg>
Package pdftex.def Info: pics/Ch3_Methods/Shadowgraphy_example_cut.jpg used on 
input line 228.
(pdftex.def)             Requested size: 334.60422pt x 171.79318pt.


LaTeX Warning: `h' float specifier changed to `ht'.

[51]
<pics/Ch3_Methods/MachZehnder_standard.pdf, id=1118, 232.87pt x 93.34875pt>
File: pics/Ch3_Methods/MachZehnder_standard.pdf Graphic file (type pdf)

<use pics/Ch3_Methods/MachZehnder_standard.pdf>
Package pdftex.def Info: pics/Ch3_Methods/MachZehnder_standard.pdf used on inpu
t line 243.
(pdftex.def)             Requested size: 334.60422pt x 134.14432pt.
 [52 <./pics/Ch3_Methods/Shadowgraphy_example_cut.jpg> <./pics/Ch3_Methods/Mach
Zehnder_standard.pdf>]
<pics/Ch3_Methods/MachZehnder_Second.pdf, id=1182, 232.87pt x 94.3525pt>
File: pics/Ch3_Methods/MachZehnder_Second.pdf Graphic file (type pdf)

<use pics/Ch3_Methods/MachZehnder_Second.pdf>
Package pdftex.def Info: pics/Ch3_Methods/MachZehnder_Second.pdf used on input 
line 252.
(pdftex.def)             Requested size: 334.60422pt x 135.58672pt.

<pics/Ch3_Methods/Interferometry_example_cut.jpg, id=1184, 556.0775pt x 205.768
75pt>
File: pics/Ch3_Methods/Interferometry_example_cut.jpg Graphic file (type jpg)
 <use pics/Ch3_Methods/Interferometry_example_cut.jpg>
Package pdftex.def Info: pics/Ch3_Methods/Interferometry_example_cut.jpg used o
n input line 261.
(pdftex.def)             Requested size: 334.60422pt x 123.81699pt.
 [53 <./pics/Ch3_Methods/MachZehnder_Second.pdf> <./pics/Ch3_Methods/Interferom
etry_example_cut.jpg>] [54] <pics/magnet3.png, id=1259, 231.264pt x 181.6386pt>
File: pics/magnet3.png Graphic file (type png)

<use pics/magnet3.png>
Package pdftex.def Info: pics/magnet3.png used on input line 291.
(pdftex.def)             Requested size: 277.5154pt x 217.96521pt.

<pics/Ch5_Results1/Espec_shotexemp.jpg, id=1260, 502.87875pt x 1902.10625pt>
File: pics/Ch5_Results1/Espec_shotexemp.jpg Graphic file (type jpg)

<use pics/Ch5_Results1/Espec_shotexemp.jpg>
Package pdftex.def Info: pics/Ch5_Results1/Espec_shotexemp.jpg used on input li
ne 292.
(pdftex.def)             Requested size: 60.34283pt x 228.2429pt.
 [55 <./pics/magnet3.png> <./pics/Ch5_Results1/Espec_shotexemp.jpg>] [56]

LaTeX Warning: Citation `Rousse2004' on page 57 undefined on input line 332.

[57]) [58]
\openout2 = `Ch5_Results1/RR2015.aux'.

 (./Ch5_Results1/RR2015.tex
Chapter 3.
[59



]

Package scrlayer-scrpage Warning: \headheight to low.
(scrlayer-scrpage)                At least 35.9889pt needed,
(scrlayer-scrpage)                but only 19.794pt found.
(scrlayer-scrpage)                I'll enlarge \headheight, for further
(scrlayer-scrpage)                processing, but you should do this yourself,
(scrlayer-scrpage)                e.g., setting geometry's option
(scrlayer-scrpage)                `head=35.9889pt'.
(scrlayer-scrpage)                I'll also decrease \topmargin on input line 2
7.


Overfull \vbox (16.1949pt too high) has occurred while \output is active []


[60]
<pics/Ch5_Results1/RR2015_Eta_thiswork.pdf, id=1306, 581.77347pt x 361.35pt>
File: pics/Ch5_Results1/RR2015_Eta_thiswork.pdf Graphic file (type pdf)

<use pics/Ch5_Results1/RR2015_Eta_thiswork.pdf>
Package pdftex.def Info: pics/Ch5_Results1/RR2015_Eta_thiswork.pdf used on inpu
t line 46.
(pdftex.def)             Requested size: 334.60422pt x 207.83528pt.


LaTeX Warning: `h' float specifier changed to `ht'.

[61]
<pics/Ch5_Results1/Exp_setup_render_RR1.png, id=1317, 1927.2pt x 1084.05pt>
File: pics/Ch5_Results1/Exp_setup_render_RR1.png Graphic file (type png)

<use pics/Ch5_Results1/Exp_setup_render_RR1.png>
Package pdftex.def Info: pics/Ch5_Results1/Exp_setup_render_RR1.png used on inp
ut line 57.
(pdftex.def)             Requested size: 334.60422pt x 188.20633pt.


LaTeX Warning: `h' float specifier changed to `ht'.

[62 <./pics/Ch5_Results1/RR2015_Eta_thiswork.pdf>]
<pics/quantumness_contour_block8.png, id=1390, 2007.5pt x 1003.75pt>
File: pics/quantumness_contour_block8.png Graphic file (type png)

<use pics/quantumness_contour_block8.png>
Package pdftex.def Info: pics/quantumness_contour_block8.png used on input line
 71.
(pdftex.def)             Requested size: 334.60422pt x 167.29636pt.
 [63 <./pics/Ch5_Results1/Exp_setup_render_RR1.png>] [64 <./pics/quantumness_co
ntour_block8.png (PNG copy)>]
<pics/scintillator.JPG, id=1405, 3276.24pt x 2457.18pt>
File: pics/scintillator.JPG Graphic file (type jpg)

<use pics/scintillator.JPG>
Package pdftex.def Info: pics/scintillator.JPG used on input line 89.
(pdftex.def)             Requested size: 334.60422pt x 250.94398pt.
 [65 <./pics/scintillator.JPG>]
<pics/Ch5_Results1/Elec_EdgeSpectrum_Null_V2.png, id=1414, 851.18pt x 649.42625
pt>
File: pics/Ch5_Results1/Elec_EdgeSpectrum_Null_V2.png Graphic file (type png)
 <use pics/Ch5_Results1/Elec_EdgeSpectrum_Null_V2.png>
Package pdftex.def Info: pics/Ch5_Results1/Elec_EdgeSpectrum_Null_V2.png used o
n input line 106.
(pdftex.def)             Requested size: 334.60422pt x 255.29674pt.
 [66 <./pics/Ch5_Results1/Elec_EdgeSpectrum_Null_V2.png>] [67]
<pics/Ch5_Results1/ElecQ2_CsI_null_Correlation.pdf, id=1429, 581.77347pt x 361.
35pt>
File: pics/Ch5_Results1/ElecQ2_CsI_null_Correlation.pdf Graphic file (type pdf)

 <use pics/Ch5_Results1/ElecQ2_CsI_null_Correlation.pdf>
Package pdftex.def Info: pics/Ch5_Results1/ElecQ2_CsI_null_Correlation.pdf used
 on input line 152.
(pdftex.def)             Requested size: 334.60422pt x 207.83528pt.
 [68] [69 <./pics/Ch5_Results1/ElecQ2_CsI_null_Correlation.pdf>]
<pics/Ch5_Results1/ElecQ2_CsI_Correlation.pdf, id=1492, 581.77347pt x 361.35pt>
File: pics/Ch5_Results1/ElecQ2_CsI_Correlation.pdf Graphic file (type pdf)
<use pics/Ch5_Results1/ElecQ2_CsI_Correlation.pdf>
Package pdftex.def Info: pics/Ch5_Results1/ElecQ2_CsI_Correlation.pdf used on i
nput line 178.
(pdftex.def)             Requested size: 334.60422pt x 207.83528pt.

<pics/Ch5_Results1/DCsI_sigma.pdf, id=1493, 581.77347pt x 361.35pt>
File: pics/Ch5_Results1/DCsI_sigma.pdf Graphic file (type pdf)

<use pics/Ch5_Results1/DCsI_sigma.pdf>
Package pdftex.def Info: pics/Ch5_Results1/DCsI_sigma.pdf used on input line 18
7.
(pdftex.def)             Requested size: 334.60422pt x 207.83528pt.
 [70 <./pics/Ch5_Results1/ElecQ2_CsI_Correlation.pdf>] [71 <./pics/Ch5_Results1
/DCsI_sigma.pdf>]
<pics/Ch5_Results1/ElecEdge_raster_null_predrift_histo.pdf, id=1594, 581.77347p
t x 361.35pt>
File: pics/Ch5_Results1/ElecEdge_raster_null_predrift_histo.pdf Graphic file (t
ype pdf)
 <use pics/Ch5_Results1/ElecEdge_raster_null_predrift_histo.pdf>
Package pdftex.def Info: pics/Ch5_Results1/ElecEdge_raster_null_predrift_histo.
pdf used on input line 220.
(pdftex.def)             Requested size: 334.60422pt x 207.83528pt.

[72]
<pics/Ch5_Results1/ElecEdge_Raster_Drift.pdf, id=1600, 581.77347pt x 361.35pt>
File: pics/Ch5_Results1/ElecEdge_Raster_Drift.pdf Graphic file (type pdf)

<use pics/Ch5_Results1/ElecEdge_Raster_Drift.pdf>
Package pdftex.def Info: pics/Ch5_Results1/ElecEdge_Raster_Drift.pdf used on in
put line 236.
(pdftex.def)             Requested size: 334.60422pt x 207.83528pt.

<pics/Ch5_Results1/ElecEdge_DE_drift_histo.pdf, id=1601, 581.77347pt x 361.35pt
>
File: pics/Ch5_Results1/ElecEdge_DE_drift_histo.pdf Graphic file (type pdf)
 <use pics/Ch5_Results1/ElecEdge_DE_drift_histo.pdf>
Package pdftex.def Info: pics/Ch5_Results1/ElecEdge_DE_drift_histo.pdf used on 
input line 244.
(pdftex.def)             Requested size: 334.60422pt x 207.83528pt.
 [73 <./pics/Ch5_Results1/ElecEdge_raster_null_predrift_histo.pdf>] [74 <./pics
/Ch5_Results1/ElecEdge_Raster_Drift.pdf> <./pics/Ch5_Results1/ElecEdge_DE_drift
_histo.pdf

pdfTeX warning: /Library/TeX/texbin/pdflatex (file ./pics/Ch5_Results1/ElecEdge
_DE_drift_histo.pdf): PDF inclusion: multiple pdfs with page group included in 
a single page
>]
<pics/Ch5_Results1/ElecEdge_Raster_Slices_Drift.pdf, id=1735, 581.77347pt x 361
.35pt>
File: pics/Ch5_Results1/ElecEdge_Raster_Slices_Drift.pdf Graphic file (type pdf
)
 <use pics/Ch5_Results1/ElecEdge_Raster_Slices_Drift.pdf>
Package pdftex.def Info: pics/Ch5_Results1/ElecEdge_Raster_Slices_Drift.pdf use
d on input line 265.
(pdftex.def)             Requested size: 334.60422pt x 207.83528pt.

<pics/Ch5_Results1/ElecEdge_raster_Laser_Corr.pdf, id=1736, 581.77347pt x 361.3
5pt>
File: pics/Ch5_Results1/ElecEdge_raster_Laser_Corr.pdf Graphic file (type pdf)
 <use pics/Ch5_Results1/ElecEdge_raster_Laser_Corr.pdf>
Package pdftex.def Info: pics/Ch5_Results1/ElecEdge_raster_Laser_Corr.pdf used 
on input line 274.
(pdftex.def)             Requested size: 167.2989pt x 103.91212pt.

<pics/Ch5_Results1/ElecEdge_raster_drift_Laser_Corr.pdf, id=1737, 581.77347pt x
 361.35pt>
File: pics/Ch5_Results1/ElecEdge_raster_drift_Laser_Corr.pdf Graphic file (type
 pdf)
 <use pics/Ch5_Results1/ElecEdge_raster_drift_Laser_Corr.pdf>
Package pdftex.def Info: pics/Ch5_Results1/ElecEdge_raster_drift_Laser_Corr.pdf
 used on input line 274.
(pdftex.def)             Requested size: 167.2989pt x 103.91212pt.

[75] [76 <./pics/Ch5_Results1/ElecEdge_Raster_Slices_Drift.pdf> <./pics/Ch5_Res
ults1/ElecEdge_raster_Laser_Corr.pdf

pdfTeX warning: /Library/TeX/texbin/pdflatex (file ./pics/Ch5_Results1/ElecEdge
_raster_Laser_Corr.pdf): PDF inclusion: multiple pdfs with page group included 
in a single page
> <./pics/Ch5_Results1/ElecEdge_raster_drift_Laser_Corr.pdf

pdfTeX warning: /Library/TeX/texbin/pdflatex (file ./pics/Ch5_Results1/ElecEdge
_raster_drift_Laser_Corr.pdf): PDF inclusion: multiple pdfs with page group inc
luded in a single page
>]
Overfull \hbox (66.0124pt too wide) in paragraph at lines 306--311
\OML/cmm/m/it/12 w[] \OT1/cmr/m/n/12 (-20) = \OML/cmm/m/it/12 ebeam[]aist \OMS/
cmsy/m/n/12 ^^C []\OT1/cmr/m/n/12 (-20) 1 + (\OML/cmm/m/it/12 z[]=\OT1/cmr/m/n/
12 (-20) (\OML/cmm/m/it/12 zR[]\OT1/cmr/m/n/12 (-20) ))[])$ and $\OML/cmm/m/it/
12 zR[]beam \OT1/cmr/m/n/12 (-20) = \OML/cmm/m/it/12 ebeam[]aist=divergence[]be
am$ 
 []


<pics/Ch5_Results1/20151217r002_NullGroup.jpg, id=1870, 558.085pt x 380.42125pt
>
File: pics/Ch5_Results1/20151217r002_NullGroup.jpg Graphic file (type jpg)
 <use pics/Ch5_Results1/20151217r002_NullGroup.jpg>
Package pdftex.def Info: pics/Ch5_Results1/20151217r002_NullGroup.jpg used on i
nput line 316.
(pdftex.def)             Requested size: 153.39294pt x 104.56342pt.

<pics/Ch5_Results1/20151217r002_CollGroup.jpg, id=1871, 723.70375pt x 380.42125
pt>
File: pics/Ch5_Results1/20151217r002_CollGroup.jpg Graphic file (type jpg)
 <use pics/Ch5_Results1/20151217r002_CollGroup.jpg>
Package pdftex.def Info: pics/Ch5_Results1/20151217r002_CollGroup.jpg used on i
nput line 317.
(pdftex.def)             Requested size: 198.91423pt x 104.56342pt.

<pics/up_arrows.jpg, id=1872, 97.3236pt x 380.622pt>
File: pics/up_arrows.jpg Graphic file (type jpg)
 <use pics/up_arrows.jpg>
Package pdftex.def Info: pics/up_arrows.jpg used on input line 318.
(pdftex.def)             Requested size: 26.73659pt x 104.56342pt.

<pics/Ch5_Results1/DCsI_sigma_v_ElecEdge.pdf, id=1875, 581.77347pt x 361.35pt>
File: pics/Ch5_Results1/DCsI_sigma_v_ElecEdge.pdf Graphic file (type pdf)

<use pics/Ch5_Results1/DCsI_sigma_v_ElecEdge.pdf>
Package pdftex.def Info: pics/Ch5_Results1/DCsI_sigma_v_ElecEdge.pdf used on in
put line 331.
(pdftex.def)             Requested size: 334.60422pt x 207.83528pt.
 [77] [78 <./pics/Ch5_Results1/20151217r002_NullGroup.jpg> <./pics/Ch5_Results1
/20151217r002_CollGroup.jpg> <./pics/up_arrows.jpg> <./pics/Ch5_Results1/DCsI_s
igma_v_ElecEdge.pdf>] [79]
[80] [81]
<pics/Ch5_Results1/Poder_Laser_Corr.pdf, id=1950, 581.77347pt x 361.35pt>
File: pics/Ch5_Results1/Poder_Laser_Corr.pdf Graphic file (type pdf)

<use pics/Ch5_Results1/Poder_Laser_Corr.pdf>
Package pdftex.def Info: pics/Ch5_Results1/Poder_Laser_Corr.pdf used on input l
ine 408.
(pdftex.def)             Requested size: 334.60422pt x 207.83528pt.
 [82] [83 <./pics/Ch5_Results1/Poder_Laser_Corr.pdf>]
<pics/Ch5_Results1/Comparison_ESpectra.pdf, id=2001, 581.77347pt x 361.35pt>
File: pics/Ch5_Results1/Comparison_ESpectra.pdf Graphic file (type pdf)

<use pics/Ch5_Results1/Comparison_ESpectra.pdf>
Package pdftex.def Info: pics/Ch5_Results1/Comparison_ESpectra.pdf used on inpu
t line 427.
(pdftex.def)             Requested size: 167.2989pt x 103.91212pt.

<pics/Ch5_Results1/Comparison_Histo.pdf, id=2002, 581.77347pt x 361.35pt>
File: pics/Ch5_Results1/Comparison_Histo.pdf Graphic file (type pdf)

<use pics/Ch5_Results1/Comparison_Histo.pdf>
Package pdftex.def Info: pics/Ch5_Results1/Comparison_Histo.pdf used on input l
ine 427.
(pdftex.def)             Requested size: 167.2989pt x 103.91212pt.

<pics/Ch5_Results1/Comparison_Variance_Lin.pdf, id=2003, 581.77347pt x 361.35pt
>
File: pics/Ch5_Results1/Comparison_Variance_Lin.pdf Graphic file (type pdf)
 <use pics/Ch5_Results1/Comparison_Variance_Lin.pdf>
Package pdftex.def Info: pics/Ch5_Results1/Comparison_Variance_Lin.pdf used on 
input line 433.
(pdftex.def)             Requested size: 167.2989pt x 103.91212pt.

<pics/Ch5_Results1/Comparison_Variance_Log.pdf, id=2004, 581.77347pt x 361.35pt
>
File: pics/Ch5_Results1/Comparison_Variance_Log.pdf Graphic file (type pdf)
 <use pics/Ch5_Results1/Comparison_Variance_Log.pdf>
Package pdftex.def Info: pics/Ch5_Results1/Comparison_Variance_Log.pdf used on 
input line 433.
(pdftex.def)             Requested size: 167.2989pt x 103.91212pt.
 [84 <./pics/Ch5_Results1/Comparison_ESpectra.pdf> <./pics/Ch5_Results1/Compari
son_Histo.pdf

pdfTeX warning: /Library/TeX/texbin/pdflatex (file ./pics/Ch5_Results1/Comparis
on_Histo.pdf): PDF inclusion: multiple pdfs with page group included in a singl
e page
> <./pics/Ch5_Results1/Comparison_Variance_Lin.pdf

pdfTeX warning: /Library/TeX/texbin/pdflatex (file ./pics/Ch5_Results1/Comparis
on_Variance_Lin.pdf): PDF inclusion: multiple pdfs with page group included in 
a single page
> <./pics/Ch5_Results1/Comparison_Variance_Log.pdf

pdfTeX warning: /Library/TeX/texbin/pdflatex (file ./pics/Ch5_Results1/Comparis
on_Variance_Log.pdf): PDF inclusion: multiple pdfs with page group included in 
a single page
>]) [85]
\openout2 = `Ch6_Results2/RR2018.aux'.

 (./Ch6_Results2/RR2018.tex
Chapter 4.

Overfull \hbox (5.09367pt too wide) in paragraph at lines 16--16
[]\OT1/cmr/bx/n/17.28 1 Beam: Sta-tis-ti-cal Anal-y-sis of Elec-tron Spec-
 []


Overfull \hbox (35.5256pt too wide) in paragraph at lines 24--24
[]\OT1/cmr/bx/n/17.28 2 Beams: Polarisation-dependence of the gamma-
 []

) [86



] [87]
\openout2 = `Ch7_Results3/BW2018.aux'.

 (./Ch7_Results3/BW2018.tex
Chapter 5.
) [88



]
\openout3 = `bu.aux'.

 (./Thesis_Gerstmayr_V1.bbl (./Thesis_Gerstmayr_V1.brf)
\tf@brf=\write8
\openout8 = `Thesis_Gerstmayr_V1.brf'.


Chapter 6.
Missing character: There is no  in font cmr12!
Missing character: There is no  in font cmr12!
Missing character: There is no  in font cmr12!
Missing character: There is no  in font cmr12!
Missing character: There is no  in font cmr12!
Missing character: There is no  in font cmr12!
[89



]
Missing character: There is no  in font cmr12!
Missing character: There is no  in font cmr12!
Missing character: There is no  in font cmr12!
 [90] [91]
Missing character: There is no  in font cmr12!
Missing character: There is no  in font cmr12!
 [92]
Missing character: There is no  in font cmr12!
Missing character: There is no  in font cmr12!
Missing character: There is no  in font cmr12!
Missing character: There is no  in font cmr12!
Missing character: There is no  in font cmr12!
Missing character: There is no  in font cmr12!
Missing character: There is no  in font cmr12!
Missing character: There is no  in font cmr12!
Missing character: There is no  in font cmr12!
Missing character: There is no  in font cmr12!
Missing character: There is no  in font cmr12!
Missing character: There is no  in font cmr12!
Missing character: There is no  in font cmr12!
Missing character: There is no  in font cmr12!
Missing character: There is no  in font cmr12!
Missing character: There is no  in font cmr12!
Missing character: There is no  in font cmr12!
Missing character: There is no  in font cmr12!
Missing character: There is no  in font cmr12!
Missing character: There is no  in font cmr12!
Missing character: There is no  in font cmr12!
 [93]
Missing character: There is no  in font cmr12!
Missing character: There is no  in font cmr12!
Missing character: There is no  in font cmr12!
Missing character: There is no  in font cmr12!
Missing character: There is no  in font cmr12!
Missing character: There is no  in font cmr12!
Missing character: There is no  in font cmr12!
Missing character: There is no  in font cmr12!
Missing character: There is no  in font cmr12!
Missing character: There is no  in font cmr12!
Missing character: There is no  in font cmr12!
Missing character: There is no  in font cmr12!
Missing character: There is no  in font cmr12!
Missing character: There is no  in font cmr12!
Missing character: There is no  in font cmr12!
Missing character: There is no  in font cmr12!
Missing character: There is no  in font cmr12!
Missing character: There is no  in font cmr12!
 [94] [95]) 
AED: lastpage setting LastPage
[96]

Package nag Warning: 1 complaints in total.

Package atveryend Info: Empty hook `BeforeClearDocument' on input line 217.
Package atveryend Info: Empty hook `AfterLastShipout' on input line 217.
(./Thesis_Gerstmayr_V1.aux (./Ch2_Theory/Theoretical_Background.aux)
(./Ch3_Methods/Experimental_Methods.aux) (./Ch5_Results1/RR2015.aux)
(./Ch6_Results2/RR2018.aux) (./Ch7_Results3/BW2018.aux) (./bu.aux))
Package atveryend Info: Executing hook `AtVeryEndDocument' on input line 217.
Package atveryend Info: Executing hook `AtEndAfterFileList' on input line 217.
Package rerunfilecheck Info: File `Thesis_Gerstmayr_V1.out' has not changed.
(rerunfilecheck)             Checksum: 73872C439A617AE1AF429A66FCBFDF0C;7019.
Package rerunfilecheck Info: File `Thesis_Gerstmayr_V1.brf' has not changed.
(rerunfilecheck)             Checksum: FEC5B8D9C73FEC75A130A488012220ED;3570.


LaTeX Warning: There were undefined references.

Package atveryend Info: Empty hook `AtVeryVeryEnd' on input line 217.
 ) 
Here is how much of TeX's memory you used:
 34555 strings out of 492995
 709290 string characters out of 6132704
 808602 words of memory out of 5000000
 36965 multiletter control sequences out of 15000+600000
 20814 words of font info for 136 fonts, out of 8000000 for 9000
 1141 hyphenation exceptions out of 8191
 62i,20n,83p,10391b,906s stack positions out of 5000i,500n,10000p,200000b,80000s
</usr/local/texlive/2017/texmf-dist/fonts/type1/public/amsfonts/cm/cmbx12.pfb
></usr/local/texlive/2017/texmf-dist/fonts/type1/public/amsfonts/cm/cmbx8.pfb><
/usr/local/texlive/2017/texmf-dist/fonts/type1/public/amsfonts/cm/cmex10.pfb></
usr/local/texlive/2017/texmf-dist/fonts/type1/public/amsfonts/cm/cmmi12.pfb></u
sr/local/texlive/2017/texmf-dist/fonts/type1/public/amsfonts/cm/cmmi6.pfb></usr
/local/texlive/2017/texmf-dist/fonts/type1/public/amsfonts/cm/cmmi8.pfb></usr/l
ocal/texlive/2017/texmf-dist/fonts/type1/public/amsfonts/cm/cmr10.pfb></usr/loc
al/texlive/2017/texmf-dist/fonts/type1/public/amsfonts/cm/cmr12.pfb></usr/local
/texlive/2017/texmf-dist/fonts/type1/public/amsfonts/cm/cmr17.pfb></usr/local/t
exlive/2017/texmf-dist/fonts/type1/public/amsfonts/cm/cmr6.pfb></usr/local/texl
ive/2017/texmf-dist/fonts/type1/public/amsfonts/cm/cmr7.pfb></usr/local/texlive
/2017/texmf-dist/fonts/type1/public/amsfonts/cm/cmr8.pfb></usr/local/texlive/20
17/texmf-dist/fonts/type1/public/amsfonts/cm/cmsl12.pfb></usr/local/texlive/201
7/texmf-dist/fonts/type1/public/amsfonts/cm/cmsy10.pfb></usr/local/texlive/2017
/texmf-dist/fonts/type1/public/amsfonts/cm/cmsy8.pfb></usr/local/texlive/2017/t
exmf-dist/fonts/type1/public/amsfonts/cm/cmti12.pfb></usr/local/texlive/2017/te
xmf-dist/fonts/type1/public/amsfonts/cm/cmtt10.pfb>
Output written on Thesis_Gerstmayr_V1.pdf (96 pages, 6120115 bytes).
PDF statistics:
 2455 PDF objects out of 2487 (max. 8388607)
 1562 compressed objects within 16 object streams
 461 named destinations out of 1000 (max. 500000)
 28064 words of extra memory for PDF output out of 29859 (max. 10000000)

